17:36:31.046 [main] INFO  com.abm.AbmPagesTest - Solid company, strong culture==Very satisfied
17:36:31.050 [main] INFO  com.abm.AbmPagesTest - The way it functions==Very satisfied
17:36:31.050 [main] INFO  com.abm.AbmPagesTest - it was a job==Very satisfied
17:36:31.050 [main] INFO  com.abm.AbmPagesTest - Overall no hours==Very satisfied
17:36:31.051 [main] INFO  com.abm.AbmPagesTest - Racist and Demanding==Very satisfied
17:36:31.051 [main] INFO  com.abm.AbmPagesTest - Busy Work Area==Very satisfied
17:36:31.051 [main] INFO  com.abm.AbmPagesTest - Godd boss and people to work with==Very satisfied
17:36:31.051 [main] INFO  com.abm.AbmPagesTest - A start to different paths==Very satisfied
17:36:31.051 [main] INFO  com.abm.AbmPagesTest - ABM was a good job for me and it helped me a lot==Very satisfied
17:36:31.051 [main] INFO  com.abm.AbmPagesTest - More than average travel==Very satisfied
17:36:31.052 [main] INFO  com.abm.AbmPagesTest - fun workplace==Very satisfied
17:36:31.052 [main] INFO  com.abm.AbmPagesTest - Poor management/poor communication==Very satisfied
17:36:31.052 [main] INFO  com.abm.AbmPagesTest - To much cooks==Very satisfied
17:36:31.052 [main] INFO  com.abm.AbmPagesTest - Good==Very satisfied
17:36:31.052 [main] INFO  com.abm.AbmPagesTest - Terrible company==Very satisfied
17:36:31.052 [main] INFO  com.abm.AbmPagesTest - Not Much Incentive for Productive Staff to Stay==Very satisfied
17:36:31.052 [main] INFO  com.abm.AbmPagesTest - Abm floater==Very satisfied
17:36:35.045 [main] INFO  com.abm.AbmPagesTest - -------Closing the browser--------
19:28:55.153 [main] DEBUG com.abm.AbmPagesTest - -------Launching the browser--------
19:29:54.067 [main] INFO  com.abm.AbmPagesTest - -------Closing the browser--------
19:31:33.785 [main] DEBUG com.abm.AbmPagesTest - -------Launching the browser--------
19:34:37.619 [main] INFO  com.abm.AbmPagesTest - -------Closing the browser--------
19:36:05.145 [main] DEBUG com.abm.AbmPagesTest - -------Launching the browser--------
19:36:58.482 [main] INFO  com.abm.AbmPagesTest - -------Closing the browser--------
19:42:57.642 [main] DEBUG com.abm.AbmPagesTest - -------Launching the browser--------
19:43:52.901 [main] INFO  com.abm.AbmPagesTest - -------Closing the browser--------
19:49:39.737 [main] DEBUG com.abm.AbmPagesTest - -------Launching the browser--------
19:50:35.664 [main] INFO  com.abm.AbmPagesTest - -------Closing the browser--------
19:54:25.635 [main] DEBUG com.abm.AbmPagesTest - -------Launching the browser--------
19:55:19.716 [main] INFO  com.abm.AbmPagesTest - -------Closing the browser--------
